

Microchip Technology PIC18 LITE Macro Assembler V1.32 build 58300 
                                                                                               Mon Feb 09 12:03:11 2015

Microchip Technology Omniscient Code Generator (Lite mode) build 58300
     1                           	processor	18F4550
     2                           	fnconf	rparam,??,?,0
     3                           	opt	pw 120
     4                           	opt	lm
     5                           	psect	text0,global,reloc=2,class=CODE,delta=1
     6                           	psect	cinit,global,reloc=2,class=CODE,delta=1
     7                           	psect	cstackCOMRAM,global,class=COMRAM,space=1,delta=1
     8                           	psect	text1,global,reloc=2,class=CODE,delta=1
     9                           	psect	text2,global,reloc=2,class=CODE,delta=1
    10                           	psect	intsave_regs,global,class=BIGRAM,space=1,delta=1
    11                           	psect	rparam,global,class=COMRAM,space=1,delta=1
    12  0000                     _PORTC	set	3970
    13  0000                     _TRISC	set	3988
    14                           
    15                           ; 0 bytes @ 0x8
    16 ;;
    17 ;;Main: autosize = 0, tempsize = 0, incstack = 0, save=0
    18 ;;
    19 ;; *************** function _main *****************
    20 ;; Defined at:
    21 ;;		line 44 in file "main.c"
    22 ;; Parameters:    Size  Location     Type
    23 ;;  argc            2    3[COMRAM] int 
    24 ;;  argv            3    5[COMRAM] PTR PTR unsigned char 
    25 ;; Auto vars:     Size  Location     Type
    26 ;;		None
    27 ;; Return value:  Size  Location     Type
    28 ;;                  2    3[COMRAM] int 
    29 ;; Registers used:
    30 ;;		wreg, status,2, status,0, cstack
    31 ;; Tracked objects:
    32 ;;		On entry : 0/0
    33 ;;		On exit  : 0/0
    34 ;;		Unchanged: 0/0
    35 ;; Data sizes:     COMRAM   BANK0   BANK1   BANK2   BANK3   BANK4   BANK5   BANK6   BANK7
    36 ;;      Params:         5       0       0       0       0       0       0       0       0
    37 ;;      Locals:         0       0       0       0       0       0       0       0       0
    38 ;;      Temps:          0       0       0       0       0       0       0       0       0
    39 ;;      Totals:         5       0       0       0       0       0       0       0       0
    40 ;;Total ram usage:        5 bytes
    41 ;; Hardware stack levels required when called:    2
    42 ;; This function calls:
    43 ;;		_delay_ms
    44 ;; This function is called by:
    45 ;;		Startup code after reset
    46 ;; This function uses a non-reentrant model
    47 ;;
    48                           
    49                           	psect	text0
    50  007FD2                     __ptext0:
    51                           	opt stack 0
    52  007FD2                     _main:
    53                           	opt stack 29
    54                           
    55                           ;main.c: 46: TRISC = 0X00;
    56                           
    57                           ;incstack = 0
    58  007FD2  0E00               	movlw	0
    59  007FD4  6E94               	movwf	3988,c	;volatile
    60  007FD6                     l40:
    61                           
    62                           ;main.c: 50: {
    63                           ;main.c: 51: PORTC = 0b10000000;
    64  007FD6  0E80               	movlw	128
    65  007FD8  6E82               	movwf	3970,c	;volatile
    66                           
    67                           ;main.c: 52: delay_ms(100);
    68  007FDA  0E64               	movlw	100
    69  007FDC  ECDC  F03F         	call	_delay_ms
    70                           
    71                           ;main.c: 53: PORTC = 0b01000000;
    72  007FE0  0E40               	movlw	64
    73  007FE2  6E82               	movwf	3970,c	;volatile
    74                           
    75                           ;main.c: 54: delay_ms(100);
    76  007FE4  0E64               	movlw	100
    77  007FE6  ECDC  F03F         	call	_delay_ms
    78                           
    79                           ;main.c: 55: PORTC = 0b00000010;
    80  007FEA  0E02               	movlw	2
    81  007FEC  6E82               	movwf	3970,c	;volatile
    82                           
    83                           ;main.c: 56: delay_ms(100);
    84  007FEE  0E64               	movlw	100
    85  007FF0  ECDC  F03F         	call	_delay_ms
    86                           
    87                           ;main.c: 57: PORTC = 0b00000001;
    88  007FF4  0E01               	movlw	1
    89  007FF6  6E82               	movwf	3970,c	;volatile
    90                           
    91                           ;main.c: 58: delay_ms(100);
    92  007FF8  0E64               	movlw	100
    93  007FFA  ECDC  F03F         	call	_delay_ms
    94  007FFE  D7EB               	goto	l40
    95  008000                     __end_of_main:
    96                           	opt stack 0
    97                           
    98                           	psect	cinit
    99  007FA2                     __pcinit:
   100                           	opt stack 0
   101  007FA2                     start_initialization:
   102                           	opt stack 0
   103  007FA2                     __initialization:
   104                           	opt stack 0
   105  007FA2                     end_of_initialization:
   106                           	opt stack 0
   107  007FA2                     __end_of__initialization:
   108                           	opt stack 0
   109  007FA2  0100               	movlb	0
   110  007FA4  EFE9  F03F         	goto	_main	;jump to C main() function
   111                           
   112                           	psect	cstackCOMRAM
   113  000001                     __pcstackCOMRAM:
   114                           	opt stack 0
   115  000001                     Delay1KTCYx@unit:
   116                           	opt stack 0
   117                           
   118                           ; 1 bytes @ 0x0
   119  000001                     	ds	1
   120  000002                     delay_ms@t:
   121                           	opt stack 0
   122                           
   123                           ; 1 bytes @ 0x1
   124  000002                     	ds	1
   125  000003                     delay_ms@i:
   126                           	opt stack 0
   127                           
   128                           ; 1 bytes @ 0x2
   129  000003                     	ds	1
   130  000004                     
   131                           ; 2 bytes @ 0x3
   132  000004                     	ds	2
   133  000006                     
   134                           ; 3 bytes @ 0x5
   135  000006                     	ds	3
   136  000009                     
   137 ;; *************** function _delay_ms *****************
   138 ;; Defined at:
   139 ;;		line 42 in file "delay.c"
   140 ;; Parameters:    Size  Location     Type
   141 ;;  t               1    wreg     unsigned char 
   142 ;; Auto vars:     Size  Location     Type
   143 ;;  t               1    1[COMRAM] unsigned char 
   144 ;;  i               1    2[COMRAM] unsigned char 
   145 ;; Return value:  Size  Location     Type
   146 ;;		None               void
   147 ;; Registers used:
   148 ;;		wreg, status,2, status,0, cstack
   149 ;; Tracked objects:
   150 ;;		On entry : 0/0
   151 ;;		On exit  : 0/0
   152 ;;		Unchanged: 0/0
   153 ;; Data sizes:     COMRAM   BANK0   BANK1   BANK2   BANK3   BANK4   BANK5   BANK6   BANK7
   154 ;;      Params:         0       0       0       0       0       0       0       0       0
   155 ;;      Locals:         2       0       0       0       0       0       0       0       0
   156 ;;      Temps:          0       0       0       0       0       0       0       0       0
   157 ;;      Totals:         2       0       0       0       0       0       0       0       0
   158 ;;Total ram usage:        2 bytes
   159 ;; Hardware stack levels used:    1
   160 ;; Hardware stack levels required when called:    1
   161 ;; This function calls:
   162 ;;		_Delay1KTCYx
   163 ;; This function is called by:
   164 ;;		_main
   165 ;;		_Delay_s
   166 ;; This function uses a non-reentrant model
   167 ;;
   168                           
   169                           	psect	text1
   170  007FB8                     __ptext1:
   171                           	opt stack 0
   172  007FB8                     _delay_ms:
   173                           	opt stack 29
   174                           
   175                           ;incstack = 0
   176                           ;delay_ms@t stored from wreg
   177  007FB8  6E02               	movwf	delay_ms@t,c
   178                           
   179                           ;delay.c: 44: unsigned char i;
   180                           ;delay.c: 45: for (i=0;i<=t;i++)
   181  007FBA  0E00               	movlw	0
   182  007FBC  6E03               	movwf	delay_ms@i,c
   183  007FBE  D004               	goto	l643
   184  007FC0                     l639:
   185                           
   186                           ;delay.c: 46: Delay1KTCYx(5);
   187  007FC0  0E05               	movlw	5
   188  007FC2  ECD4  F03F         	call	_Delay1KTCYx
   189  007FC6  2A03               	incf	delay_ms@i,f,c
   190  007FC8                     l643:
   191  007FC8  5003               	movf	delay_ms@i,w,c
   192  007FCA  5C02               	subwf	delay_ms@t,w,c
   193  007FCC  A0D8               	btfss	status,0,c
   194                           
   195                           ;delay.c: 50: return;
   196  007FCE  0012               	return	
   197  007FD0  D7F7               	goto	l639
   198  007FD2                     __end_of_delay_ms:
   199                           	opt stack 0
   200                           status	equ	0xFD8
   201                           
   202 ;; *************** function _Delay1KTCYx *****************
   203 ;; Defined at:
   204 ;;		line 8 in file "C:\Program Files (x86)\Microchip\xc8\v1.32\sources\pic18\d1ktcyx.c"
   205 ;; Parameters:    Size  Location     Type
   206 ;;  unit            1    wreg     unsigned char 
   207 ;; Auto vars:     Size  Location     Type
   208 ;;  unit            1    0[COMRAM] unsigned char 
   209 ;; Return value:  Size  Location     Type
   210 ;;		None               void
   211 ;; Registers used:
   212 ;;		wreg
   213 ;; Tracked objects:
   214 ;;		On entry : 0/0
   215 ;;		On exit  : 0/0
   216 ;;		Unchanged: 0/0
   217 ;; Data sizes:     COMRAM   BANK0   BANK1   BANK2   BANK3   BANK4   BANK5   BANK6   BANK7
   218 ;;      Params:         0       0       0       0       0       0       0       0       0
   219 ;;      Locals:         1       0       0       0       0       0       0       0       0
   220 ;;      Temps:          0       0       0       0       0       0       0       0       0
   221 ;;      Totals:         1       0       0       0       0       0       0       0       0
   222 ;;Total ram usage:        1 bytes
   223 ;; Hardware stack levels used:    1
   224 ;; This function calls:
   225 ;;		Nothing
   226 ;; This function is called by:
   227 ;;		_delay_ms
   228 ;;		_DelayPORXLCD
   229 ;;		_DelayXLCD
   230 ;; This function uses a non-reentrant model
   231 ;;
   232                           
   233                           	psect	text2
   234  007FA8                     __ptext2:
   235                           	opt stack 0
   236  007FA8                     _Delay1KTCYx:
   237                           	opt stack 29
   238                           
   239                           ;incstack = 0
   240                           ;Delay1KTCYx@unit stored from wreg
   241  007FA8  6E01               	movwf	Delay1KTCYx@unit,c
   242  007FAA                     l276:
   243  007FAA  0EFA               	movlw	250
   244  007FAC                     u97:
   245  007FAC  F000               	nop	
   246  007FAE  2EE8               	decfsz	wreg,f,c
   247  007FB0  D7FD               	goto	u97
   248  007FB2  2E01               	decfsz	Delay1KTCYx@unit,f,c
   249  007FB4  D7FA               	goto	l276
   250  007FB6  0012               	return	
   251  007FB8                     __end_of_Delay1KTCYx:
   252                           	opt stack 0
   253  0000                     wreg	equ	0xFE8
   254                           status	equ	0xFD8
   255                           wreg	equ	0xFE8
   256                           status	equ	0xFD8
   257                           
   258                           	psect	rparam
   259  0000                     wreg	equ	0xFE8
   260                           status	equ	0xFD8


Data Sizes:
    Strings     0
    Constant    0
    Data        0
    BSS         0
    Persistent  0
    Stack       0

Auto Spaces:
    Space          Size  Autos    Used
    COMRAM           95      8       8
    BANK0           160      0       0
    BANK1           256      0       0
    BANK2           256      0       0
    BANK3           256      0       0
    BANK4           256      0       0
    BANK5           256      0       0
    BANK6           256      0       0
    BANK7           256      0       0

Pointer List with Targets:

    None.

Critical Paths under _main in COMRAM

    _main->_delay_ms
    _delay_ms->_Delay1KTCYx

Critical Paths under _main in BANK0

    None.

Critical Paths under _main in BANK1

    None.

Critical Paths under _main in BANK2

    None.

Critical Paths under _main in BANK3

    None.

Critical Paths under _main in BANK4

    None.

Critical Paths under _main in BANK5

    None.

Critical Paths under _main in BANK6

    None.

Critical Paths under _main in BANK7

    None.

Call Graph Tables:

 ---------------------------------------------------------------------------------
 (Depth) Function   	        Calls       Base Space   Used Autos Params    Refs
 ---------------------------------------------------------------------------------
 (0) _main                                                 5     0      5      45
                                              3 COMRAM     5     0      5
                           _delay_ms
 ---------------------------------------------------------------------------------
 (1) _delay_ms                                             2     2      0      45
                                              1 COMRAM     2     2      0
                        _Delay1KTCYx
 ---------------------------------------------------------------------------------
 (2) _Delay1KTCYx                                          1     1      0      15
                                              0 COMRAM     1     1      0
 ---------------------------------------------------------------------------------
 Estimated maximum stack depth 2
 ---------------------------------------------------------------------------------

 Call Graph Graphs:

 _main (ROOT)
   _delay_ms
     _Delay1KTCYx

 Address spaces:
Name               Size   Autos  Total    Cost      Usage
BITCOMRAM           5F      0       0       0        0.0%
EEDATA             100      0       0       0        0.0%
NULL                 0      0       0       0        0.0%
CODE                 0      0       0       0        0.0%
COMRAM              5F      8       8       1        8.4%
STACK                0      0       0       2        0.0%
DATA                 0      0       0       3        0.0%
BITBANK0            A0      0       0       4        0.0%
BANK0               A0      0       0       5        0.0%
BITBANK1           100      0       0       6        0.0%
BANK1              100      0       0       7        0.0%
BITBANK2           100      0       0       8        0.0%
BANK2              100      0       0       9        0.0%
BITBANK3           100      0       0      10        0.0%
BANK3              100      0       0      11        0.0%
BITBANK4           100      0       0      12        0.0%
BANK4              100      0       0      13        0.0%
BITBANK5           100      0       0      14        0.0%
BANK5              100      0       0      15        0.0%
BITBANK6           100      0       0      16        0.0%
BANK6              100      0       0      17        0.0%
BITBANK7           100      0       0      18        0.0%
BANK7              100      0       0      19        0.0%
ABS                  0      0       0      20        0.0%
BIGRAM             7FF      0       0      21        0.0%
BITSFR               0      0       0      40        0.0%
SFR                  0      0       0      40        0.0%


Microchip Technology PIC18 Macro Assembler V1.32 build 58300 
Symbol Table                                                                                   Mon Feb 09 12:03:11 2015

                     l40 7FD6                       u97 7FAC              __CFG_BORV$3 000000  
                    l276 7FAA                      l643 7FC8                      l639 7FC0  
           __CFG_BOR$OFF 000000                      wreg 000FE8             __CFG_FOSC$HS 000000  
           __CFG_LVP$OFF 000000             __CFG_WDT$OFF 000000                     _main 7FD2  
                   start 0000            __CFG_IESO$OFF 000000            __CFG_MCLRE$ON 000000  
            _Delay1KTCYx 7FA8            __CFG_PLLDIV$5 000000                    ?_main 0004  
                  _PORTC 000F82            __CFG_USBDIV$1 000000                    _TRISC 000F94  
          __CFG_PWRT$OFF 000000           __CFG_FCMEN$OFF 000000                    status 000FD8  
         __CFG_ICPRT$OFF 000000          __initialization 7FA2             __end_of_main 8000  
                 ??_main 0009            __activetblptr 000000          __CFG_CCP2MX$OFF 000000  
       __end_of_delay_ms 7FD2           __CFG_XINST$OFF 000000           __CFG_STVREN$ON 000000  
             __accesstop 0060  __end_of__initialization 7FA2          __CFG_PBADEN$OFF 000000  
         __pcstackCOMRAM 0001             ?_Delay1KTCYx 0001                ?_delay_ms 0001  
        __CFG_VREGEN$OFF 000000                  __Hparam 0000                  __Lparam 0000  
                __pcinit 7FA2                  __ramtop 0800                  __ptext0 7FD2  
                __ptext1 7FB8                  __ptext2 7FA8               ??_delay_ms 0002  
   end_of_initialization 7FA2     __size_of_Delay1KTCYx 0010      start_initialization 7FA2  
       __CFG_LPT1OSC$OFF 000000        __size_of_delay_ms 001A          Delay1KTCYx@unit 0001  
              delay_ms@i 0003                delay_ms@t 0002         __CFG_WDTPS$32768 000000  
               __Hrparam 0000                 __Lrparam 0000                 _delay_ms 7FB8  
          __size_of_main 002E            ??_Delay1KTCYx 0001                 main@argc 0004  
               main@argv 0006    __CFG_CPUDIV$OSC1_PLL2 000000      __end_of_Delay1KTCYx 7FB8  
