

Microchip Technology PIC18 LITE Macro Assembler V1.21 build 54009 
                                                                                               Wed Aug 06 11:01:25 2014

Microchip Technology Omniscient Code Generator (Lite mode) build 54009
     1                           	processor	18F4550
     2                           	fnconf	rparam,??,?,0
     3                           	opt	pw 120
     4                           	opt	lm
     5                           	psect	text0,global,reloc=2,class=CODE,delta=1
     6                           	psect	cinit,global,reloc=2,class=CODE,delta=1
     7                           	psect	cstackCOMRAM,global,class=COMRAM,space=1,delta=1
     8                           	psect	text1,global,reloc=2,class=CODE,delta=1
     9                           	psect	text2,global,reloc=2,class=CODE,delta=1
    10                           	psect	intsave_regs,global,class=BIGRAM,space=1,delta=1
    11                           	psect	rparam,global,class=COMRAM,space=1,delta=1
    12  0000                     _PORTC	set	3970
    13  0000                     _TRISC	set	3988
    14                           
    15 ;;
    16 ;;Main: autosize = 0, tempsize = 1, incstack = 0, save=0
    17 ;;
    18 ;; *************** function _main *****************
    19 ;; Defined at:
    20 ;;		line 44 in file "main.c"
    21 ;; Parameters:    Size  Location     Type
    22 ;;		None
    23 ;; Auto vars:     Size  Location     Type
    24 ;;		None
    25 ;; Return value:  Size  Location     Type
    26 ;;                  2   39[COMRAM] int 
    27 ;; Registers used:
    28 ;;		wreg, status,2, status,0, cstack
    29 ;; Tracked objects:
    30 ;;		On entry : 0/0
    31 ;;		On exit  : 0/0
    32 ;;		Unchanged: 0/0
    33 ;; Data sizes:     COMRAM   BANK0   BANK1   BANK2   BANK3   BANK4   BANK5   BANK6   BANK7
    34 ;;      Params:         0       0       0       0       0       0       0       0       0
    35 ;;      Locals:         0       0       0       0       0       0       0       0       0
    36 ;;      Temps:          1       0       0       0       0       0       0       0       0
    37 ;;      Totals:         1       0       0       0       0       0       0       0       0
    38 ;;Total ram usage:        1 bytes
    39 ;; Hardware stack levels required when called:    2
    40 ;; This function calls:
    41 ;;		_delay_ms
    42 ;; This function is called by:
    43 ;;		Startup code after reset
    44 ;; This function uses a non-reentrant model
    45 ;;
    46                           
    47                           	psect	text0
    48  007FBA                     __ptext0:
    49                           	opt stack 0
    50                           
    51                           ; #config settings
    52  007FBA                     _main:
    53                           	opt stack 29
    54                           
    55                           ;main.c: 45: TRISC = 0X00;
    56                           
    57                           ;incstack = 0
    58                           ;incstack = 0
    59  007FBA  0E00               	movlw	0
    60  007FBC  6E94               	movwf	3988,c	;volatile
    61  007FBE                     l40:
    62                           
    63                           ;main.c: 47: {
    64                           ;main.c: 48: PORTC = 0b11000000;
    65  007FBE  0EC0               	movlw	192
    66  007FC0  6E82               	movwf	3970,c	;volatile
    67                           
    68                           ;main.c: 49: delay_ms(100);
    69  007FC2  6E05               	movwf	??_main& (0+255),c
    70  007FC4  0E64               	movlw	100
    71  007FC6  6E02               	movwf	?_delay_ms,c
    72  007FC8  5005               	movf	??_main& (0+255),w,c
    73  007FCA  ECCD  F03F         	call	_delay_ms	;wreg free
    74                           
    75                           ;main.c: 50: PORTC = 0b01000010;
    76  007FCE  0E42               	movlw	66
    77  007FD0  6E82               	movwf	3970,c	;volatile
    78                           
    79                           ;main.c: 51: delay_ms(100);
    80  007FD2  6E05               	movwf	??_main& (0+255),c
    81  007FD4  0E64               	movlw	100
    82  007FD6  6E02               	movwf	?_delay_ms,c
    83  007FD8  5005               	movf	??_main& (0+255),w,c
    84  007FDA  ECCD  F03F         	call	_delay_ms	;wreg free
    85                           
    86                           ;main.c: 52: PORTC = 0b00000011;
    87  007FDE  0E03               	movlw	3
    88  007FE0  6E82               	movwf	3970,c	;volatile
    89                           
    90                           ;main.c: 53: delay_ms(100);
    91  007FE2  6E05               	movwf	??_main& (0+255),c
    92  007FE4  0E64               	movlw	100
    93  007FE6  6E02               	movwf	?_delay_ms,c
    94  007FE8  5005               	movf	??_main& (0+255),w,c
    95  007FEA  ECCD  F03F         	call	_delay_ms	;wreg free
    96                           
    97                           ;main.c: 54: PORTC = 0b10000001;
    98  007FEE  0E81               	movlw	129
    99  007FF0  6E82               	movwf	3970,c	;volatile
   100                           
   101                           ;main.c: 55: delay_ms(100);
   102  007FF2  6E05               	movwf	??_main& (0+255),c
   103  007FF4  0E64               	movlw	100
   104  007FF6  6E02               	movwf	?_delay_ms,c
   105  007FF8  5005               	movf	??_main& (0+255),w,c
   106  007FFA  ECCD  F03F         	call	_delay_ms	;wreg free
   107  007FFE  D7DF               	goto	l40
   108  008000                     __end_of_main:
   109                           	opt stack 0
   110                           
   111                           	psect	cinit
   112  007F86                     __pcinit:
   113                           	opt stack 0
   114  007F86                     start_initialization:
   115                           	opt stack 0
   116  007F86                     __initialization:
   117                           	opt stack 0
   118  007F86                     end_of_initialization:
   119                           	opt stack 0
   120  007F86                     __end_of__initialization:
   121                           	opt stack 0
   122  007F86  0100               	movlb	0
   123  007F88  EFDD  F03F         	goto	_main	;jump to C main() function
   124                           
   125                           	psect	cstackCOMRAM
   126  000001                     __pcstackCOMRAM:
   127                           	opt stack 0
   128  000001                     ?_Delay1KTCYx:
   129                           	opt stack 0
   130  000001                     Delay1KTCYx@unit:
   131                           	opt stack 0
   132                           
   133                           ; 1 bytes @ 0x0
   134  000001                     	ds	1
   135  000002                     ?_delay_ms:
   136                           	opt stack 0
   137  000002                     delay_ms@t:
   138                           	opt stack 0
   139                           
   140                           ; 1 bytes @ 0x1
   141  000002                     	ds	1
   142  000003                     ??_delay_ms:
   143                           
   144                           ; 0 bytes @ 0x2
   145  000003                     	ds	1
   146  000004                     delay_ms@i:
   147                           	opt stack 0
   148                           
   149                           ; 1 bytes @ 0x3
   150  000004                     	ds	1
   151  000005                     ??_main:
   152                           
   153                           ; 0 bytes @ 0x4
   154  000005                     	ds	1
   155                           
   156 ;; *************** function _delay_ms *****************
   157 ;; Defined at:
   158 ;;		line 43 in file "delay.c"
   159 ;; Parameters:    Size  Location     Type
   160 ;;  t               1    1[COMRAM] unsigned char 
   161 ;; Auto vars:     Size  Location     Type
   162 ;;  i               1    3[COMRAM] unsigned char 
   163 ;; Return value:  Size  Location     Type
   164 ;;		None               void
   165 ;; Registers used:
   166 ;;		wreg, status,2, status,0, cstack
   167 ;; Tracked objects:
   168 ;;		On entry : 0/0
   169 ;;		On exit  : 0/0
   170 ;;		Unchanged: 0/0
   171 ;; Data sizes:     COMRAM   BANK0   BANK1   BANK2   BANK3   BANK4   BANK5   BANK6   BANK7
   172 ;;      Params:         1       0       0       0       0       0       0       0       0
   173 ;;      Locals:         1       0       0       0       0       0       0       0       0
   174 ;;      Temps:          1       0       0       0       0       0       0       0       0
   175 ;;      Totals:         3       0       0       0       0       0       0       0       0
   176 ;;Total ram usage:        3 bytes
   177 ;; Hardware stack levels used:    1
   178 ;; Hardware stack levels required when called:    1
   179 ;; This function calls:
   180 ;;		_Delay1KTCYx
   181 ;; This function is called by:
   182 ;;		_main
   183 ;;		_Delay_s
   184 ;; This function uses a non-reentrant model
   185 ;;
   186                           
   187                           	psect	text1
   188  007F9A                     __ptext1:
   189                           	opt stack 0
   190  007F9A                     _delay_ms:
   191                           	opt stack 29
   192                           
   193                           ;delay.c: 44: unsigned char i;
   194                           ;delay.c: 45: for (i=0;i<=t;i++)
   195                           
   196                           ;incstack = 0
   197                           ;incstack = 0
   198  007F9A  6E03               	movwf	??_delay_ms& (0+255),c
   199  007F9C  0E00               	movlw	0
   200  007F9E  6E04               	movwf	delay_ms@i,c
   201  007FA0  5003               	movf	??_delay_ms& (0+255),w,c
   202  007FA2  D007               	goto	l689
   203  007FA4                     l685:
   204                           
   205                           ;delay.c: 46: Delay1KTCYx(5);
   206  007FA4  6E03               	movwf	??_delay_ms& (0+255),c
   207  007FA6  0E05               	movlw	5
   208  007FA8  6E01               	movwf	?_Delay1KTCYx,c
   209  007FAA  5003               	movf	??_delay_ms& (0+255),w,c
   210  007FAC  ECC6  F03F         	call	_Delay1KTCYx	;wreg free
   211  007FB0  2A04               	incf	delay_ms@i,f,c
   212  007FB2                     l689:
   213  007FB2  5004               	movf	delay_ms@i,w,c
   214  007FB4  6002               	cpfslt	delay_ms@t,c
   215  007FB6  D7F6               	goto	l685
   216                           
   217                           ;delay.c: 50: return;
   218  007FB8  0012               	return	
   219  007FBA                     __end_of_delay_ms:
   220                           	opt stack 0
   221                           
   222 ;; *************** function _Delay1KTCYx *****************
   223 ;; Defined at:
   224 ;;		line 9 in file "C:\Program Files (x86)\Microchip\xc8\v1.21\sources\pic18\d1ktcyx.c"
   225 ;; Parameters:    Size  Location     Type
   226 ;;  unit            1    0[COMRAM] unsigned char 
   227 ;; Auto vars:     Size  Location     Type
   228 ;;		None
   229 ;; Return value:  Size  Location     Type
   230 ;;		None               void
   231 ;; Registers used:
   232 ;;		wreg
   233 ;; Tracked objects:
   234 ;;		On entry : 0/0
   235 ;;		On exit  : 0/0
   236 ;;		Unchanged: 0/0
   237 ;; Data sizes:     COMRAM   BANK0   BANK1   BANK2   BANK3   BANK4   BANK5   BANK6   BANK7
   238 ;;      Params:         1       0       0       0       0       0       0       0       0
   239 ;;      Locals:         0       0       0       0       0       0       0       0       0
   240 ;;      Temps:          0       0       0       0       0       0       0       0       0
   241 ;;      Totals:         1       0       0       0       0       0       0       0       0
   242 ;;Total ram usage:        1 bytes
   243 ;; Hardware stack levels used:    1
   244 ;; This function calls:
   245 ;;		Nothing
   246 ;; This function is called by:
   247 ;;		_delay_ms
   248 ;;		_DelayPORXLCD
   249 ;;		_DelayXLCD
   250 ;; This function uses a non-reentrant model
   251 ;;
   252                           
   253                           	psect	text2
   254  007F8C                     __ptext2:
   255                           	opt stack 0
   256  007F8C                     _Delay1KTCYx:
   257                           	opt stack 29
   258  007F8C                     l261:
   259  007F8C  0EFA               	movlw	250
   260  007F8E                     u97:
   261  007F8E  F000               	nop	
   262  007F90  2EE8               	decfsz	wreg,f,c
   263  007F92  D7FD               	goto	u97
   264  007F94  2E01               	decfsz	Delay1KTCYx@unit,f,c
   265  007F96  D7FA               	goto	l261
   266  007F98  0012               	return	
   267  007F9A                     __end_of_Delay1KTCYx:
   268                           	opt stack 0
   269  0000                     wreg	equ	0xFE8
   270                           wreg	equ	0xFE8
   271                           
   272                           	psect	rparam
   273  0000                     wreg	equ	0xFE8


Data Sizes:
    Strings     0
    Constant    0
    Data        0
    BSS         0
    Persistent  0
    Stack       0

Auto Spaces:
    Space          Size  Autos    Used
    COMRAM           95      5       5
    BANK0           160      0       0
    BANK1           256      0       0
    BANK2           256      0       0
    BANK3           256      0       0
    BANK4           256      0       0
    BANK5           256      0       0
    BANK6           256      0       0
    BANK7           256      0       0

Pointer List with Targets:

    None.

Critical Paths under _main in COMRAM

    _main->_delay_ms
    _delay_ms->_Delay1KTCYx

Critical Paths under _main in BANK0

    None.

Critical Paths under _main in BANK1

    None.

Critical Paths under _main in BANK2

    None.

Critical Paths under _main in BANK3

    None.

Critical Paths under _main in BANK4

    None.

Critical Paths under _main in BANK5

    None.

Critical Paths under _main in BANK6

    None.

Critical Paths under _main in BANK7

    None.

Call Graph Tables:

 ---------------------------------------------------------------------------------
 (Depth) Function   	        Calls       Base Space   Used Autos Params    Refs
 ---------------------------------------------------------------------------------
 (0) _main                                                 1     1      0      45
                                              4 COMRAM     1     1      0
                           _delay_ms
 ---------------------------------------------------------------------------------
 (1) _delay_ms                                             3     2      1      45
                                              1 COMRAM     3     2      1
                        _Delay1KTCYx
 ---------------------------------------------------------------------------------
 (2) _Delay1KTCYx                                          1     0      1      15
                                              0 COMRAM     1     0      1
 ---------------------------------------------------------------------------------
 Estimated maximum stack depth 2
 ---------------------------------------------------------------------------------

 Call Graph Graphs:

 _main (ROOT)
   _delay_ms
     _Delay1KTCYx

 Address spaces:
Name               Size   Autos  Total    Cost      Usage
BITCOMRAM           5F      0       0       0        0.0%
EEDATA             100      0       0       0        0.0%
NULL                 0      0       0       0        0.0%
CODE                 0      0       0       0        0.0%
COMRAM              5F      5       5       1        5.3%
STACK                0      0       2       2        0.0%
DATA                 0      0       0       3        0.0%
BITBANK0            A0      0       0       4        0.0%
BANK0               A0      0       0       5        0.0%
BITBANK1           100      0       0       6        0.0%
BANK1              100      0       0       7        0.0%
BITBANK2           100      0       0       8        0.0%
BANK2              100      0       0       9        0.0%
BITBANK3           100      0       0      10        0.0%
BANK3              100      0       0      11        0.0%
BITBANK4           100      0       0      12        0.0%
BANK4              100      0       0      13        0.0%
BITBANK5           100      0       0      14        0.0%
BANK5              100      0       0      15        0.0%
BITBANK6           100      0       0      16        0.0%
BANK6              100      0       0      17        0.0%
BITBANK7           100      0       0      18        0.0%
BANK7              100      0       0      19        0.0%
ABS                  0      0       0      20        0.0%
BIGRAM             7FF      0       0      21        0.0%
BITSFR               0      0       0      40        0.0%
SFR                  0      0       0      40        0.0%


Microchip Technology PIC18 Macro Assembler V1.21 build 54009 
Symbol Table                                                                                   Wed Aug 06 11:01:25 2014

                     l40 7FBE                       u97 7F8E              __CFG_BORV$3 000000  
                    l261 7F8C                      l685 7FA4                      l689 7FB2  
           __CFG_BOR$OFF 000000                      wreg 000FE8             __CFG_FOSC$HS 000000  
           __CFG_LVP$OFF 000000             __CFG_WDT$OFF 000000                     _main 7FBA  
                   start 0000            __CFG_IESO$OFF 000000            __CFG_MCLRE$ON 000000  
            _Delay1KTCYx 7F8C            __CFG_PLLDIV$5 000000                    ?_main 0001  
                  _PORTC 000F82            __CFG_USBDIV$1 000000                    _TRISC 000F94  
          __CFG_PWRT$OFF 000000           __CFG_FCMEN$OFF 000000           __CFG_ICPRT$OFF 000000  
        __initialization 7F86             __end_of_main 8000                   ??_main 0005  
          __activetblptr 000000          __CFG_CCP2MX$OFF 000000         __end_of_delay_ms 7FBA  
         __CFG_XINST$OFF 000000           __CFG_STVREN$ON 000000               __accesstop 0060  
__end_of__initialization 7F86          __CFG_PBADEN$OFF 000000           __pcstackCOMRAM 0001  
           ?_Delay1KTCYx 0001                ?_delay_ms 0002          __CFG_VREGEN$OFF 000000  
                __Hparam 0000                  __Lparam 0000                  __pcinit 7F86  
                __ramtop 0800                  __ptext0 7FBA                  __ptext1 7F9A  
                __ptext2 7F8C               ??_delay_ms 0003     end_of_initialization 7F86  
   __size_of_Delay1KTCYx 000E      start_initialization 7F86         __CFG_LPT1OSC$OFF 000000  
      __size_of_delay_ms 0020          Delay1KTCYx@unit 0001                delay_ms@i 0004  
              delay_ms@t 0002         __CFG_WDTPS$32768 000000                 __Hrparam 0000  
               __Lrparam 0000                 _delay_ms 7F9A            __size_of_main 0046  
          ??_Delay1KTCYx 0002    __CFG_CPUDIV$OSC1_PLL2 000000      __end_of_Delay1KTCYx 7F9A  
